
> backend@1.0.0 dev
> nodemon src/server.js

[33m[nodemon] 3.1.10[39m
[33m[nodemon] to restart at any time, enter `rs`[39m
[33m[nodemon] watching path(s): *.*[39m
[33m[nodemon] watching extensions: js,mjs,cjs,json[39m
[32m[nodemon] starting `node src/server.js`[39m
[dotenv@17.2.2] injecting env (6) from .env -- tip: üõ†Ô∏è  run anywhere with `dotenvx run -- yourcommand`
[dotenv@17.2.2] injecting env (0) from .env -- tip: ‚öôÔ∏è  specify custom .env file path with { path: '/custom/path/.env' }
Connected to PostgreSQL database
‚úÖ Prisma Client initialized successfully
Database connected successfully
Server running on port 3001
Environment: development
API URL: http://localhost:3001
[32m[nodemon] restarting due to changes...[39m
[32m[nodemon] starting `node src/server.js`[39m
[dotenv@17.2.2] injecting env (6) from .env -- tip: [dotenv@17.2.2] injecting env (6) from .env -- tip: ‚öô[dotenv@17.2.2] injecting env (0) from .env -- tip: ‚öôÔ∏è  load mul[dotenv@17.2.2] injecting env (0) from .env -- tip: üõConnected to PostgreSQL database
Database connected successfully
Server running on port 3001
Environment: development
API URL: htDatabase connected successfully
Server running on port 3001
Env[32m[nodemon] clean exit - waiting for changes befor[32m[nodemo[32m[nodemon] restarting due to changes...[39m
[32m[nodemon] starting `node src/server.js`[39m
[do[dotenv@17.2.2] injecting env (6) from .env -- tip: ‚öôÔ∏è  enable debug logging with { debug: true }
[dotenv@17.2.2][dotenv@17.2.2] injecting env (0) from .env -- tip: üîê encrypt with Dotenvx: https://dotenvx.com
Connected tConnected to PostgreSQ‚úÖ Prisma ‚úÖ Prisma Client initialized suDatabase connected successfully
Server runnServer running onEnvironmentEnvironmentSerAPI URL: htAPI URL: http://loca[32m[nodemon] clean exit - waiting for changes be[32m[nodemon] clean exit - waiting for changes before restart[39m
