
> pharmacy-platform@0.1.0 dev
> next dev --turbopack -p 3005

 ⚠ Warning: Next.js inferred your workspace root, but it may not be correct.
 We detected multiple lockfiles and selected the directory of /Users/soedakei/package-lock.json as the root directory.
 To silence this warning, set `turbopack.root` in your Next.js config, or consider removing one of the lockfiles if it's not needed.
   See https://nextjs.org/docs/app/api-reference/config/next-config-js/turbopack#root-directory for more information.
 Detected additional lockfiles: 
   * /Users/soedakei/pharmacy-platform/package-lock.json

   ▲ Next.js 15.5.4 (Turbopack)
   - Local:        http://localhost:3005
   - Network:      http://172.20.10.2:3005
   - Environments: .env.local, .env

 ✓ Starting...
 ✓ Ready in 819ms
 ○ Compiling /invoice-issued ...
 ✓ Compiled /invoice-issued in 2.1s
 GET /invoice-issued 200 in 2396ms
 ✓ Compiled /pharmacist/dashboard in 480ms
 GET /pharmacist/dashboard 200 in 620ms
 GET /invoice-issued 200 in 291ms
